"C:\Program Files\Eclipse Adoptium\jdk-11.0.16.101-hotspot\bin\java.exe" -Dmaven.multiModuleProjectDirectory=C:\Users\Presentation\Documents\workspaces\2022s-advanced-java\untitled\mob-programming "-Dmaven.home=C:\Program Files\JetBrains\IntelliJ IDEA 2022.2.2\plugins\maven\lib\maven3" "-Dclassworlds.conf=C:\Program Files\JetBrains\IntelliJ IDEA 2022.2.2\plugins\maven\lib\maven3\bin\m2.conf" "-Dmaven.ext.class.path=C:\Program Files\JetBrains\IntelliJ IDEA 2022.2.2\plugins\maven\lib\maven-event-listener.jar" "-javaagent:C:\Program Files\JetBrains\IntelliJ IDEA 2022.2.2\lib\idea_rt.jar=50943:C:\Program Files\JetBrains\IntelliJ IDEA 2022.2.2\bin" -Dfile.encoding=UTF-8 -classpath "C:\Program Files\JetBrains\IntelliJ IDEA 2022.2.2\plugins\maven\lib\maven3\boot\plexus-classworlds-2.6.0.jar;C:\Program Files\JetBrains\IntelliJ IDEA 2022.2.2\plugins\maven\lib\maven3\boot\plexus-classworlds.license" org.codehaus.classworlds.Launcher -Didea.version=2022.2.2 -U install
[INFO] Scanning for projects...
[INFO]
[INFO] --------------------< org.example:mob-programming >---------------------
[INFO] Building mob-programming 1.0-SNAPSHOT
[INFO] --------------------------------[ jar ]---------------------------------
[INFO]
[INFO] --- maven-resources-plugin:2.6:resources (default-resources) @ mob-programming ---
[INFO] Using 'UTF-8' encoding to copy filtered resources.
[INFO] Copying 0 resource
[INFO]
[INFO] --- maven-compiler-plugin:3.1:compile (default-compile) @ mob-programming ---
[INFO] Changes detected - recompiling the module!
[INFO] Compiling 1 source file to C:\Users\Presentation\Documents\workspaces\2022s-advanced-java\untitled\mob-programming\target\classes
[INFO]
[INFO] --- maven-resources-plugin:2.6:testResources (default-testResources) @ mob-programming ---
[INFO] Using 'UTF-8' encoding to copy filtered resources.
[INFO] skip non existing resourceDirectory C:\Users\Presentation\Documents\workspaces\2022s-advanced-java\untitled\mob-programming\src\test\resources
[INFO]
[INFO] --- maven-compiler-plugin:3.1:testCompile (default-testCompile) @ mob-programming ---
[INFO] Nothing to compile - all classes are up to date
[INFO]
[INFO] --- maven-surefire-plugin:2.12.4:test (default-test) @ mob-programming ---
[INFO] No tests to run.
[INFO]
[INFO] --- maven-jar-plugin:2.4:jar (default-jar) @ mob-programming ---
[INFO] Building jar: C:\Users\Presentation\Documents\workspaces\2022s-advanced-java\untitled\mob-programming\target\mob-programming-1.0-SNAPSHOT.jar
[INFO]
[INFO] --- maven-install-plugin:2.4:install (default-install) @ mob-programming ---
[INFO] Installing C:\Users\Presentation\Documents\workspaces\2022s-advanced-java\untitled\mob-programming\target\mob-programming-1.0-SNAPSHOT.jar to C:\Users\Presentation\.m2\repository\org\example\mob-programming\1.0-SNAPSHOT\mob-programming-1.0-SNAPSHOT.jar
[INFO] Installing C:\Users\Presentation\Documents\workspaces\2022s-advanced-java\untitled\mob-programming\pom.xml to C:\Users\Presentation\.m2\repository\org\example\mob-programming\1.0-SNAPSHOT\mob-programming-1.0-SNAPSHOT.pom
[INFO] ------------------------------------------------------------------------
[INFO] BUILD SUCCESS
[INFO] ------------------------------------------------------------------------
[INFO] Total time:  1.919 s
[INFO] Finished at: 2022-11-29T14:40:34+01:00
[INFO] ------------------------------------------------------------------------

Process finished with exit code 0
